#
# There is insufficient memory for the Java Runtime Environment to continue.
# Native memory allocation (mmap) failed to map 536870912 bytes for Failed to commit area from 0x0000000601200000 to 0x0000000621200000 of length 536870912.
# Possible reasons:
#   The system is out of physical RAM or swap space
#   The process is running with CompressedOops enabled, and the Java Heap may be blocking the growth of the native heap
# Possible solutions:
#   Reduce memory load on the system
#   Increase physical memory or swap space
#   Check if swap backing store is full
#   Decrease Java heap size (-Xmx/-Xms)
#   Decrease number of Java threads
#   Decrease Java thread stack sizes (-Xss)
#   Set larger code cache with -XX:ReservedCodeCacheSize=
# This output file may be truncated or incomplete.
#
#  Out of Memory Error (./src/hotspot/os/windows/os_windows.cpp:3387), pid=53072, tid=66688
#
# JRE version:  (11.0.14.1+1) (build )
# Java VM: OpenJDK 64-Bit Server VM (11.0.14.1+1, mixed mode, sharing, tiered, compressed oops, g1 gc, windows-amd64)
# No core dump will be written. Minidumps are not enabled by default on client versions of Windows
#

---------------  S U M M A R Y ------------

Command Line: -Dfile.encoding=UTF-8 org.gradle.launcher.GradleMain -Dorg.gradle.jvmargs=-Xmx4096m --stop

Host: AMD Ryzen 5 3600 6-Core Processor              , 12 cores, 31G,  Windows 11 , 64 bit Build 22621 (10.0.22621.3958)
Time: Sat Jul 27 03:19:08 2024 RTZ 4 (зима) elapsed time: 0.008772 seconds (0d 0h 0m 0s)

---------------  T H R E A D  ---------------

Current thread (0x00000228334a0000):  JavaThread "Unknown thread" [_thread_in_vm, id=66688, stack(0x000000f46ae00000,0x000000f46af00000)]

Stack: [0x000000f46ae00000,0x000000f46af00000]
Native frames: (J=compiled Java code, j=interpreted, Vv=VM code, C=native code)
V  [jvm.dll+0x61e59a]
V  [jvm.dll+0x7aaca9]
V  [jvm.dll+0x7ac398]
V  [jvm.dll+0x7aca73]
V  [jvm.dll+0x24f9b8]
V  [jvm.dll+0x61b83a]
V  [jvm.dll+0x6100c5]
V  [jvm.dll+0x30772c]
V  [jvm.dll+0x3075b2]
V  [jvm.dll+0x30c2d6]
V  [jvm.dll+0x35272f]
V  [jvm.dll+0x352160]
V  [jvm.dll+0x2e4728]
V  [jvm.dll+0x2e5886]
V  [jvm.dll+0x784b07]
V  [jvm.dll+0x78628f]
V  [jvm.dll+0x35f479]
V  [jvm.dll+0x767aa0]
V  [jvm.dll+0x3ccf1f]
V  [jvm.dll+0x3cf2b1]
C  [jli.dll+0x5207]
C  [ucrtbase.dll+0x29333]
C  [KERNEL32.DLL+0x1257d]
C  [ntdll.dll+0x5af28]


---------------  P R O C E S S  ---------------

Threads class SMR info:
_java_thread_list=0x00000228312037a0, length=0, elements={
}

Java Threads: ( => current thread )

Other Threads:
  0x00000228334b8000 GCTaskThread "GC Thread#0" [stack: 0x000000f46af00000,0x000000f46b000000] [id=64744]
  0x000002283353a800 ConcurrentGCThread "G1 Main Marker" [stack: 0x000000f46b000000,0x000000f46b100000] [id=68340]
  0x000002283353d000 ConcurrentGCThread "G1 Conc#0" [stack: 0x000000f46b100000,0x000000f46b200000] [id=57516]

[error occurred during error reporting (printing all threads), id 0xc0000005, EXCEPTION_ACCESS_VIOLATION (0xc0000005) at pc=0x00007ffc78e73ef7]

VM state:not at safepoint (not fully initialized)

VM Mutex/Monitor currently owned by a thread:  ([mutex/lock_event])
[0x000002283349bae0] Heap_lock - owner thread: 0x00000228334a0000

Heap address: 0x0000000601200000, size: 8174 MB, Compressed Oops mode: Non-zero based: 0x0000000601200000
Narrow klass base: 0x0000000000000000, Narrow klass shift: 0

GC Heap History (0 events):
No events

Deoptimization events (0 events):
No events

Classes redefined (0 events):
No events

Internal exceptions (0 events):
No events

Events (1 events):
Event: 0.006 Loaded shared library C:\Program Files\Unity\Hub\Editor\2022.3.35f1\Editor\Data\PlaybackEngines\AndroidPlayer\OpenJDK\bin\zip.dll


Dynamic libraries:
0x00007ff7b5f00000 - 0x00007ff7b5f0d000 	C:\Program Files\Unity\Hub\Editor\2022.3.35f1\Editor\Data\PlaybackEngines\AndroidPlayer\OpenJDK\bin\java.exe
0x00007ffdb26f0000 - 0x00007ffdb2907000 	C:\Windows\SYSTEM32\ntdll.dll
0x00007ffdb1330000 - 0x00007ffdb13f4000 	C:\Windows\System32\KERNEL32.DLL
0x00007ffdb0070000 - 0x00007ffdb041d000 	C:\Windows\System32\KERNELBASE.dll
0x00007ffdaff20000 - 0x00007ffdb0031000 	C:\Windows\System32\ucrtbase.dll
0x00007ffd8bc70000 - 0x00007ffd8bc87000 	C:\Program Files\Unity\Hub\Editor\2022.3.35f1\Editor\Data\PlaybackEngines\AndroidPlayer\OpenJDK\bin\jli.dll
0x00007ffda6100000 - 0x00007ffda6115000 	C:\Program Files\Unity\Hub\Editor\2022.3.35f1\Editor\Data\PlaybackEngines\AndroidPlayer\OpenJDK\bin\VCRUNTIME140.dll
0x00007ffdb07a0000 - 0x00007ffdb094e000 	C:\Windows\System32\USER32.dll
0x00007ffdafef0000 - 0x00007ffdaff16000 	C:\Windows\System32\win32u.dll
0x00007ffd8a130000 - 0x00007ffd8a3c3000 	C:\Windows\WinSxS\amd64_microsoft.windows.common-controls_6595b64144ccf1df_6.0.22621.3672_none_2713b9d173822955\COMCTL32.dll
0x00007ffdb1790000 - 0x00007ffdb17b9000 	C:\Windows\System32\GDI32.dll
0x00007ffdb1840000 - 0x00007ffdb18e7000 	C:\Windows\System32\msvcrt.dll
0x00007ffdafb70000 - 0x00007ffdafc89000 	C:\Windows\System32\gdi32full.dll
0x00007ffdafad0000 - 0x00007ffdafb6a000 	C:\Windows\System32\msvcp_win.dll
0x00007ffdb1ab0000 - 0x00007ffdb1ae1000 	C:\Windows\System32\IMM32.DLL
0x00007ffccd280000 - 0x00007ffccd31b000 	C:\Program Files\Unity\Hub\Editor\2022.3.35f1\Editor\Data\PlaybackEngines\AndroidPlayer\OpenJDK\bin\msvcp140.dll
0x00007ffc78b80000 - 0x00007ffc79701000 	C:\Program Files\Unity\Hub\Editor\2022.3.35f1\Editor\Data\PlaybackEngines\AndroidPlayer\OpenJDK\bin\server\jvm.dll
0x00007ffdb1d10000 - 0x00007ffdb1dc2000 	C:\Windows\System32\ADVAPI32.dll
0x00007ffdb06f0000 - 0x00007ffdb0799000 	C:\Windows\System32\sechost.dll
0x00007ffdb0040000 - 0x00007ffdb0068000 	C:\Windows\System32\bcrypt.dll
0x00007ffdb1970000 - 0x00007ffdb1a84000 	C:\Windows\System32\RPCRT4.dll
0x00007ffdb0660000 - 0x00007ffdb0668000 	C:\Windows\System32\PSAPI.DLL
0x00007ffd923a0000 - 0x00007ffd923a9000 	C:\Windows\SYSTEM32\WSOCK32.dll
0x00007ffda8460000 - 0x00007ffda8494000 	C:\Windows\SYSTEM32\WINMM.dll
0x00007ffdb0670000 - 0x00007ffdb06e1000 	C:\Windows\System32\WS2_32.dll
0x00007ffda9ab0000 - 0x00007ffda9aba000 	C:\Windows\SYSTEM32\VERSION.dll
0x00007ffdaeaf0000 - 0x00007ffdaeb08000 	C:\Windows\SYSTEM32\kernel.appcore.dll
0x00007ffda60f0000 - 0x00007ffda6100000 	C:\Program Files\Unity\Hub\Editor\2022.3.35f1\Editor\Data\PlaybackEngines\AndroidPlayer\OpenJDK\bin\verify.dll
0x00007ffda72b0000 - 0x00007ffda74e2000 	C:\Windows\SYSTEM32\DBGHELP.DLL
0x00007ffdb1400000 - 0x00007ffdb178d000 	C:\Windows\System32\combase.dll
0x00007ffdb0420000 - 0x00007ffdb04f7000 	C:\Windows\System32\OLEAUT32.dll
0x00007ffda83d0000 - 0x00007ffda8402000 	C:\Windows\SYSTEM32\dbgcore.DLL
0x00007ffdafc90000 - 0x00007ffdafd0b000 	C:\Windows\System32\bcryptPrimitives.dll
0x00007ffd7fb70000 - 0x00007ffd7fb98000 	C:\Program Files\Unity\Hub\Editor\2022.3.35f1\Editor\Data\PlaybackEngines\AndroidPlayer\OpenJDK\bin\java.dll
0x00007ffd8bb00000 - 0x00007ffd8bb0a000 	C:\Program Files\Unity\Hub\Editor\2022.3.35f1\Editor\Data\PlaybackEngines\AndroidPlayer\OpenJDK\bin\jimage.dll
0x00007ffd7fb50000 - 0x00007ffd7fb68000 	C:\Program Files\Unity\Hub\Editor\2022.3.35f1\Editor\Data\PlaybackEngines\AndroidPlayer\OpenJDK\bin\zip.dll

dbghelp: loaded successfully - version: 4.0.5 - missing functions: none
symbol engine: initialized successfully - sym options: 0x614 - pdb path: .;C:\Program Files\Unity\Hub\Editor\2022.3.35f1\Editor\Data\PlaybackEngines\AndroidPlayer\OpenJDK\bin;C:\Windows\SYSTEM32;C:\Windows\WinSxS\amd64_microsoft.windows.common-controls_6595b64144ccf1df_6.0.22621.3672_none_2713b9d173822955;C:\Program Files\Unity\Hub\Editor\2022.3.35f1\Editor\Data\PlaybackEngines\AndroidPlayer\OpenJDK\bin\server

VM Arguments:
jvm_args: -Dfile.encoding=UTF-8 
java_command: org.gradle.launcher.GradleMain -Dorg.gradle.jvmargs=-Xmx4096m --stop
java_class_path (initial): C:\Program Files\Unity\Hub\Editor\2022.3.35f1\Editor\Data\PlaybackEngines\AndroidPlayer\Tools\gradle\lib\gradle-launcher-7.2.jar
Launcher Type: SUN_STANDARD

[Global flags]
     intx CICompilerCount                          = 4                                         {product} {ergonomic}
     uint ConcGCThreads                            = 3                                         {product} {ergonomic}
     uint G1ConcRefinementThreads                  = 10                                        {product} {ergonomic}
   size_t G1HeapRegionSize                         = 2097152                                   {product} {ergonomic}
    uintx GCDrainStackTargetSize                   = 64                                        {product} {ergonomic}
   size_t InitialHeapSize                          = 536870912                                 {product} {ergonomic}
   size_t MarkStackSize                            = 4194304                                   {product} {ergonomic}
   size_t MaxHeapSize                              = 8571060224                                {product} {ergonomic}
   size_t MinHeapDeltaBytes                        = 2097152                                   {product} {ergonomic}
    uintx NonNMethodCodeHeapSize                   = 5836300                                {pd product} {ergonomic}
    uintx NonProfiledCodeHeapSize                  = 122910970                              {pd product} {ergonomic}
    uintx ProfiledCodeHeapSize                     = 122910970                              {pd product} {ergonomic}
    uintx ReservedCodeCacheSize                    = 251658240                              {pd product} {ergonomic}
     bool SegmentedCodeCache                       = true                                      {product} {ergonomic}
     bool UseCompressedClassPointers               = true                                 {lp64_product} {ergonomic}
     bool UseCompressedOops                        = true                                 {lp64_product} {ergonomic}
     bool UseG1GC                                  = true                                      {product} {ergonomic}
     bool UseLargePagesIndividualAllocation        = false                                  {pd product} {ergonomic}

Logging:
Log output configuration:
 #0: stdout all=warning uptime,level,tags
 #1: stderr all=off uptime,level,tags

Environment Variables:
JAVA_HOME=C:\Program Files\Unity\Hub\Editor\2022.3.35f1\Editor\Data\PlaybackEngines\AndroidPlayer\OpenJDK
JAVA_TOOL_OPTIONS=-Dfile.encoding=UTF-8
PATH=C:\Users\anusa\gcc\bin;C:\Users\anusa\gcc\libexec\gcc\x86_64-w64-mingw32\13.2.0;C:\Program Files\Eclipse Adoptium\jdk-17.0.1.12-hotspot\bin;C:\Program Files\Common Files\Oracle\Java\javapath;C:\Program Files (x86)\Common Files\Oracle\Java\javapath;C:\Program Files\Microsoft\jdk-11.0.12.7-hotspot\bin;C:\Windows\system32;C:\Windows;C:\Windows\System32\Wbem;C:\Windows\System32\WindowsPowerShell\v1.0\;C:\Windows\System32\OpenSSH\;C:\Program Files\dotnet\;C:\Program Files (x86)\NVIDIA Corporation\PhysX\Common;C:\Program Files\NVIDIA Corporation\NVIDIA NvDLISR;C:\Program Files (x86)\dotnet\;C:\Program Files\Git\cmd;C:\Program Files (x86)\Bitvise SSH Client;C:\Program Files (x86)\Windows Kits\10\Windows Performance Toolkit\;C:\Users\anusa\AppData\Local\Android\Sdk\cmake\3.10.2.4988404\bin\cmake.exe;C:\Users\anusa\AppData\Local\Programs\Python\Python312\Scripts\;C:\Users\anusa\AppData\Local\Programs\Python\Python312\;C:\Users\anusa\AppData\Local\Programs\Python\Python311\Scripts\;C:\Users\anusa\AppData\Local\Programs\Python\Python311\;C:\Users\anusa\AppData\Local\Microsoft\WindowsApps;C:\Users\anusa\.dotnet\tools;C:\Users\anusa\AppData\Local\Programs\Microsoft VS Code\bin;C:\msys64\usr\bin;C:\Users\anusa\bazel-7.2.1-windows-x86_64.exe;
USERNAME=anusa
OS=Windows_NT
PROCESSOR_IDENTIFIER=AMD64 Family 23 Model 113 Stepping 0, AuthenticAMD



---------------  S Y S T E M  ---------------

OS: Windows 11 , 64 bit Build 22621 (10.0.22621.3958)
OS uptime: 0 days 21:33 hours
Hyper-V role detected

CPU:total 12 (initial active 12) (12 cores per cpu, 2 threads per core) family 23 model 113 stepping 0 microcode 0x0, cmov, cx8, fxsr, mmx, sse, sse2, sse3, ssse3, sse4.1, sse4.2, popcnt, avx, avx2, aes, clmul, mmxext, 3dnowpref, lzcnt, sse4a, ht, tsc, tscinvbit, tscinv, bmi1, bmi2, adx, sha, fma

Memory: 4k page, system-wide physical 32693M (4236M free)
TotalPageFile size 92216M (AvailPageFile size 435M)
current process WorkingSet (physical memory assigned to process): 11M, peak: 11M
current process commit charge ("private bytes"): 65M, peak: 577M

vm_info: OpenJDK 64-Bit Server VM (11.0.14.1+1) for windows-amd64 JRE (11.0.14.1+1), built on Feb  9 2022 01:48:27 by "" with unknown MS VC++:1916

END.
